[pipeline] Pipeline start: 9 tiles, 4 workers, dry_run=False
[pipeline]   config:      C:\Users\nicho\minecraft-worldgen\config\thresholds.json
[pipeline]   masks:       C:\Users\nicho\minecraft-worldgen\masks
[pipeline]   schem_index: C:\Users\nicho\minecraft-worldgen\schematic_index.json
[pipeline]   output:      C:\Users\nicho\minecraft-worldgen\output
C:\Users\nicho\AppData\Roaming\Python\Python314\site-packages\rasterio\__init__.py:379: NotGeoreferencedWarning: Dataset has no geotransform, gcps, or rpcs. The identity matrix will be returned.
  dataset = DatasetReader(path, driver=driver, sharing=sharing, thread_safe=thread_safe, **kwargs)
C:\Users\nicho\AppData\Roaming\Python\Python314\site-packages\rasterio\__init__.py:379: NotGeoreferencedWarning: Dataset has no geotransform, gcps, or rpcs. The identity matrix will be returned.
  dataset = DatasetReader(path, driver=driver, sharing=sharing, thread_safe=thread_safe, **kwargs)
C:\Users\nicho\AppData\Roaming\Python\Python314\site-packages\rasterio\__init__.py:379: NotGeoreferencedWarning: Dataset has no geotransform, gcps, or rpcs. The identity matrix will be returned.
  dataset = DatasetReader(path, driver=driver, sharing=sharing, thread_safe=thread_safe, **kwargs)
C:\Users\nicho\AppData\Roaming\Python\Python314\site-packages\rasterio\__init__.py:379: NotGeoreferencedWarning: Dataset has no geotransform, gcps, or rpcs. The identity matrix will be returned.
  dataset = DatasetReader(path, driver=driver, sharing=sharing, thread_safe=thread_safe, **kwargs)
C:\Users\nicho\AppData\Roaming\Python\Python314\site-packages\rasterio\__init__.py:379: NotGeoreferencedWarning: Dataset has no geotransform, gcps, or rpcs. The identity matrix will be returned.
  dataset = DatasetReader(path, driver=driver, sharing=sharing, thread_safe=thread_safe, **kwargs)
C:\Users\nicho\AppData\Roaming\Python\Python314\site-packages\rasterio\__init__.py:379: NotGeoreferencedWarning: Dataset has no geotransform, gcps, or rpcs. The identity matrix will be returned.
  dataset = DatasetReader(path, driver=driver, sharing=sharing, thread_safe=thread_safe, **kwargs)
{"type": "tile_start", "tile_x": 34, "tile_y": 93}
[pipeline] tile (34,93) ERROR: MemoryError: Unable to allocate 2.82 MiB for an array with shape (608, 608) and data type float64
[pipeline] concurrent.futures.process._RemoteTraceback: 
"""
Traceback (most recent call last):
  File "C:\Users\nicho\AppData\Local\Python\pythoncore-3.14-64\Lib\concurrent\futures\process.py", line 254, in _process_worker
    r = call_item.fn(*call_item.args, **call_item.kwargs)
  File "C:\Users\nicho\minecraft-worldgen\run_pipeline.py", line 339, in _process_tile
    surface_blk, sub_blk, ground_cover = core_decorator.decorate_surface(
                                         ~~~~~~~~~~~~~~~~~~~~~~~~~~~~~~~^
        surface_y    = surface_y,
        ^^^^^^^^^^^^^^^^^^^^^^^^^
    ...<16 lines>...
        biome_grid_padded = biome_grid_padded,
        ^^^^^^^^^^^^^^^^^^^^^^^^^^^^^^^^^^^^^^
    )
    ^
  File "C:\Users\nicho\minecraft-worldgen\core\surface_decorator.py", line 1463, in decorate_surface
    _apply_noise_layers(
    ~~~~~~~~~~~~~~~~~~~^
        surface_blocks_padded, subsurface_blocks_padded,
        ^^^^^^^^^^^^^^^^^^^^^^^^^^^^^^^^^^^^^^^^^^^^^^^^
    ...<2 lines>...
        tile_x * W - _pad_px, tile_y * H - _pad_px,
        ^^^^^^^^^^^^^^^^^^^^^^^^^^^^^^^^^^^^^^^^^^^
    )
    ^
  File "C:\Users\nicho\minecraft-worldgen\core\surface_decorator.py", line 833, in _apply_noise_layers
    field = _gen_layer_noise(noise_type, scale, seed,
                             H, W, px_off, py_off)
  File "C:\Users\nicho\minecraft-worldgen\core\surface_decorator.py", line 696, in _gen_layer_noise
    accumulated += ox.noise2array(xs, ys) * amplitude
                   ~~~~~~~~~~~~~~~~~~~~~~~^~~~~~~~~~~
numpy._core._exceptions._ArrayMemoryError: Unable to allocate 2.82 MiB for an array with shape (608, 608) and data type float64
"""

The above exception was the direct cause of the following exception:

Traceback (most recent call last):
  File "C:\Users\nicho\minecraft-worldgen\run_pipeline.py", line 620, in main
    result = future.result()
  File "C:\Users\nicho\AppData\Local\Python\pythoncore-3.14-64\Lib\concurrent\futures\_base.py", line 443, in result
    return self.__get_result()
           ~~~~~~~~~~~~~~~~~^^
  File "C:\Users\nicho\AppData\Local\Python\pythoncore-3.14-64\Lib\concurrent\futures\_base.py", line 395, in __get_result
    raise self._exception
numpy._core._exceptions._ArrayMemoryError: Unable to allocate 2.82 MiB for an array with shape (608, 608) and data type float64

{"type": "tile_error", "tile_x": 34, "tile_y": 93, "error": "MemoryError: Unable to allocate 2.82 MiB for an array with shape (608, 608) and data type float64"}
[chunk_writer] All chunks OK for r.49.35.mca
{"type": "tile_start", "tile_x": 49, "tile_y": 35}
{"type": "tile_complete", "tile_x": 49, "tile_y": 35, "biomes": ["BOREAL_TAIGA", "CONTINENTAL_STEPPE", "_OCEAN"], "elapsed_ms": 799901}
[chunk_writer] All chunks OK for r.32.7.mca
{"type": "tile_start", "tile_x": 32, "tile_y": 7}
{"type": "tile_complete", "tile_x": 32, "tile_y": 7, "biomes": ["ARCTIC_TUNDRA", "COASTAL_HEATH", "FROZEN_FLATS", "KARST_BARRENS"], "elapsed_ms": 1150950}
[chunk_writer] All chunks OK for r.20.53.mca
{"type": "tile_start", "tile_x": 20, "tile_y": 53}
{"type": "tile_complete", "tile_x": 20, "tile_y": 53, "biomes": ["BIRCH_FOREST", "BOREAL_ALPINE", "DRY_OAK_SAVANNA", "MIXED_FOREST", "SEMI_ARID_SHRUBLAND", "TEMPERATE_DECIDUOUS", "_OCEAN"], "elapsed_ms": 1162777}
[chunk_writer] All chunks OK for r.11.77.mca
{"type": "tile_start", "tile_x": 11, "tile_y": 77}
{"type": "tile_complete", "tile_x": 11, "tile_y": 77, "biomes": ["BOREAL_ALPINE", "DESERT_STEPPE_TRANSITION", "LUSH_RAINFOREST_COAST", "SAND_DUNE_DESERT", "SNOWY_BOREAL_TAIGA"], "elapsed_ms": 1205972}
CHUNK FAILED cx=2701 cz=2174: Unable to allocate 1.00 MiB for an array with shape (131072,) and data type object
Traceback (most recent call last):
  File "C:\Users\nicho\minecraft-worldgen\core\chunk_writer.py", line 1528, in write_tile_to_region
    compressed = _chunk_to_nbt_bytes(
        cx, cz, vol, pal, biome_grid,
        tile_world_x, tile_world_z, tile_h, tile_w,
    )
  File "C:\Users\nicho\minecraft-worldgen\core\chunk_writer.py", line 1321, in _chunk_to_nbt_bytes
    chunk_vol = pal.to_strings(chunk_u16)
  File "C:\Users\nicho\minecraft-worldgen\core\chunk_writer.py", line 206, in to_strings
    return lookup[indices.ravel()].reshape(indices.shape)
           ~~~~~~^^^^^^^^^^^^^^^^^
numpy._core._exceptions._ArrayMemoryError: Unable to allocate 1.00 MiB for an array with shape (131072,) and data type object

CHUNK FAILED cx=2688 cz=2703: Unable to allocate 1.00 MiB for an array with shape (131072,) and data type object
Traceback (most recent call last):
  File "C:\Users\nicho\minecraft-worldgen\core\chunk_writer.py", line 1528, in write_tile_to_region
    compressed = _chunk_to_nbt_bytes(
        cx, cz, vol, pal, biome_grid,
        tile_world_x, tile_world_z, tile_h, tile_w,
    )
  File "C:\Users\nicho\minecraft-worldgen\core\chunk_writer.py", line 1321, in _chunk_to_nbt_bytes
    chunk_vol = pal.to_strings(chunk_u16)
  File "C:\Users\nicho\minecraft-worldgen\core\chunk_writer.py", line 206, in to_strings
    return lookup[indices.ravel()].reshape(indices.shape)
           ~~~~~~^^^^^^^^^^^^^^^^^
numpy._core._exceptions._ArrayMemoryError: Unable to allocate 1.00 MiB for an array with shape (131072,) and data type object

[chunk_writer] 1 chunk(s) failed — see C:\Users\nicho\minecraft-worldgen\output\chunk_errors.log
{"type": "tile_start", "tile_x": 84, "tile_y": 67}
{"type": "tile_complete", "tile_x": 84, "tile_y": 67, "biomes": ["CONTINENTAL_STEPPE", "DRY_PINE_BARRENS", "RIPARIAN_WOODLAND"], "elapsed_ms": 731579}
[chunk_writer] 1 chunk(s) failed — see C:\Users\nicho\minecraft-worldgen\output\chunk_errors.log
{"type": "tile_start", "tile_x": 84, "tile_y": 84}
{"type": "tile_complete", "tile_x": 84, "tile_y": 84, "biomes": ["CONTINENTAL_STEPPE", "MIXED_FOREST", "RAINFOREST_COAST", "SAND_DUNE_DESERT", "SCRUBBY_HEATHLAND", "_OCEAN"], "elapsed_ms": 1123283}
[chunk_writer] All chunks OK for r.8.73.mca
{"type": "tile_start", "tile_x": 8, "tile_y": 73}
{"type": "tile_complete", "tile_x": 8, "tile_y": 73, "biomes": ["BOREAL_TAIGA", "FRESHWATER_FEN", "LUSH_RAINFOREST_COAST", "TEMPERATE_RAINFOREST"], "elapsed_ms": 991357}
[chunk_writer] All chunks OK for r.30.88.mca
{"type": "tile_start", "tile_x": 30, "tile_y": 88}
{"type": "tile_complete", "tile_x": 30, "tile_y": 88, "biomes": ["SAND_DUNE_DESERT", "_OCEAN"], "elapsed_ms": 700305}
{"type": "pipeline_complete", "total_tiles": 9, "completed": 8, "errors": 1, "elapsed_s": 2270.6}
[pipeline] Done: 8/9 tiles OK, 1 errors, 2270.6s
