[pipeline] Pipeline start: 14 tiles, 2 workers, dry_run=False
[pipeline]   config:      C:\Users\nicho\minecraft-worldgen\config\thresholds.json
[pipeline]   masks:       C:\Users\nicho\minecraft-worldgen\masks
[pipeline]   schem_index: C:\Users\nicho\minecraft-worldgen\schematic_index.json
[pipeline]   output:      C:\Users\nicho\minecraft-worldgen\output
C:\Users\nicho\AppData\Roaming\Python\Python314\site-packages\rasterio\__init__.py:379: NotGeoreferencedWarning: Dataset has no geotransform, gcps, or rpcs. The identity matrix will be returned.
  dataset = DatasetReader(path, driver=driver, sharing=sharing, thread_safe=thread_safe, **kwargs)
C:\Users\nicho\AppData\Roaming\Python\Python314\site-packages\rasterio\__init__.py:379: NotGeoreferencedWarning: Dataset has no geotransform, gcps, or rpcs. The identity matrix will be returned.
  dataset = DatasetReader(path, driver=driver, sharing=sharing, thread_safe=thread_safe, **kwargs)
C:\Users\nicho\AppData\Roaming\Python\Python314\site-packages\rasterio\__init__.py:379: NotGeoreferencedWarning: Dataset has no geotransform, gcps, or rpcs. The identity matrix will be returned.
  dataset = DatasetReader(path, driver=driver, sharing=sharing, thread_safe=thread_safe, **kwargs)
[chunk_writer] All chunks OK for r.25.80.mca
{"type": "tile_start", "tile_x": 25, "tile_y": 80}
{"type": "tile_complete", "tile_x": 25, "tile_y": 80, "biomes": ["ARCTIC_TUNDRA", "BOREAL_ALPINE", "SNOWY_BOREAL_TAIGA"], "elapsed_ms": 754833}
C:\Users\nicho\AppData\Roaming\Python\Python314\site-packages\rasterio\__init__.py:379: NotGeoreferencedWarning: Dataset has no geotransform, gcps, or rpcs. The identity matrix will be returned.
  dataset = DatasetReader(path, driver=driver, sharing=sharing, thread_safe=thread_safe, **kwargs)
[chunk_writer] All chunks OK for r.20.53.mca
{"type": "tile_start", "tile_x": 20, "tile_y": 53}
{"type": "tile_complete", "tile_x": 20, "tile_y": 53, "biomes": ["BIRCH_FOREST", "BOREAL_ALPINE", "DRY_OAK_SAVANNA", "MIXED_FOREST", "SEMI_ARID_SHRUBLAND", "TEMPERATE_DECIDUOUS", "_OCEAN"], "elapsed_ms": 954297}
[chunk_writer] All chunks OK for r.49.35.mca
{"type": "tile_start", "tile_x": 49, "tile_y": 35}
{"type": "tile_complete", "tile_x": 49, "tile_y": 35, "biomes": ["BOREAL_TAIGA", "CONTINENTAL_STEPPE", "_OCEAN"], "elapsed_ms": 698208}
[chunk_writer] All chunks OK for r.32.7.mca
{"type": "tile_start", "tile_x": 32, "tile_y": 7}
{"type": "tile_complete", "tile_x": 32, "tile_y": 7, "biomes": ["ARCTIC_TUNDRA", "COASTAL_HEATH", "FROZEN_FLATS", "KARST_BARRENS"], "elapsed_ms": 943985}
[chunk_writer] All chunks OK for r.84.67.mca
{"type": "tile_start", "tile_x": 84, "tile_y": 67}
{"type": "tile_complete", "tile_x": 84, "tile_y": 67, "biomes": ["CONTINENTAL_STEPPE", "DRY_PINE_BARRENS", "RIPARIAN_WOODLAND"], "elapsed_ms": 603790}
[chunk_writer] All chunks OK for r.11.77.mca
{"type": "tile_start", "tile_x": 11, "tile_y": 77}
{"type": "tile_complete", "tile_x": 11, "tile_y": 77, "biomes": ["BOREAL_ALPINE", "DESERT_STEPPE_TRANSITION", "LUSH_RAINFOREST_COAST", "SAND_DUNE_DESERT", "SNOWY_BOREAL_TAIGA"], "elapsed_ms": 1011887}
[chunk_writer] All chunks OK for r.8.73.mca
{"type": "tile_start", "tile_x": 8, "tile_y": 73}
{"type": "tile_complete", "tile_x": 8, "tile_y": 73, "biomes": ["BOREAL_TAIGA", "FRESHWATER_FEN", "LUSH_RAINFOREST_COAST", "TEMPERATE_RAINFOREST"], "elapsed_ms": 813451}
[chunk_writer] All chunks OK for r.30.88.mca
{"type": "tile_start", "tile_x": 30, "tile_y": 88}
{"type": "tile_complete", "tile_x": 30, "tile_y": 88, "biomes": ["SAND_DUNE_DESERT", "_OCEAN"], "elapsed_ms": 649988}
[chunk_writer] All chunks OK for r.34.93.mca
{"type": "tile_start", "tile_x": 34, "tile_y": 93}
{"type": "tile_complete", "tile_x": 34, "tile_y": 93, "biomes": ["_OCEAN"], "elapsed_ms": 432215}
[chunk_writer] All chunks OK for r.21.46.mca
{"type": "tile_start", "tile_x": 21, "tile_y": 46}
{"type": "tile_complete", "tile_x": 21, "tile_y": 46, "biomes": ["BOREAL_ALPINE", "BOREAL_TAIGA", "MIXED_FOREST", "SNOWY_BOREAL_TAIGA", "TEMPERATE_DECIDUOUS"], "elapsed_ms": 702511}
[chunk_writer] All chunks OK for r.37.22.mca
{"type": "tile_start", "tile_x": 37, "tile_y": 22}
{"type": "tile_complete", "tile_x": 37, "tile_y": 22, "biomes": ["BOREAL_TAIGA", "CONTINENTAL_STEPPE", "KARST_BARRENS", "MIXED_FOREST", "SNOWY_BOREAL_TAIGA"], "elapsed_ms": 861449}
[chunk_writer] All chunks OK for r.18.45.mca
{"type": "tile_start", "tile_x": 18, "tile_y": 45}
{"type": "tile_complete", "tile_x": 18, "tile_y": 45, "biomes": ["BOREAL_ALPINE", "BOREAL_TAIGA", "MIXED_FOREST", "SNOWY_BOREAL_TAIGA", "TEMPERATE_RAINFOREST"], "elapsed_ms": 792132}
[chunk_writer] All chunks OK for r.87.73.mca
{"type": "tile_start", "tile_x": 87, "tile_y": 73}
{"type": "tile_complete", "tile_x": 87, "tile_y": 73, "biomes": ["_OCEAN"], "elapsed_ms": 138215}
[chunk_writer] All chunks OK for r.84.84.mca
{"type": "tile_start", "tile_x": 84, "tile_y": 84}
{"type": "tile_complete", "tile_x": 84, "tile_y": 84, "biomes": ["CONTINENTAL_STEPPE", "MIXED_FOREST", "RAINFOREST_COAST", "SAND_DUNE_DESERT", "SCRUBBY_HEATHLAND", "_OCEAN"], "elapsed_ms": 889203}
{"type": "pipeline_complete", "total_tiles": 14, "completed": 14, "errors": 0, "elapsed_s": 5301.1}
[pipeline] Done: 14/14 tiles OK, 0 errors, 5301.1s
