[pipeline] Pipeline start: 5 tiles, 2 workers, dry_run=False
[pipeline]   config:      C:\Users\nicho\minecraft-worldgen\config\thresholds.json
[pipeline]   masks:       C:\Users\nicho\minecraft-worldgen\masks
[pipeline]   schem_index: C:\Users\nicho\minecraft-worldgen\schematic_index.json
[pipeline]   output:      C:\Users\nicho\minecraft-worldgen\output
C:\Users\nicho\AppData\Roaming\Python\Python314\site-packages\rasterio\__init__.py:379: NotGeoreferencedWarning: Dataset has no geotransform, gcps, or rpcs. The identity matrix will be returned.
  dataset = DatasetReader(path, driver=driver, sharing=sharing, thread_safe=thread_safe, **kwargs)
C:\Users\nicho\AppData\Roaming\Python\Python314\site-packages\rasterio\__init__.py:379: NotGeoreferencedWarning: Dataset has no geotransform, gcps, or rpcs. The identity matrix will be returned.
  dataset = DatasetReader(path, driver=driver, sharing=sharing, thread_safe=thread_safe, **kwargs)
[chunk_writer] All chunks OK for r.25.80.mca
{"type": "tile_start", "tile_x": 25, "tile_y": 80}
{"type": "tile_complete", "tile_x": 25, "tile_y": 80, "biomes": ["ARCTIC_TUNDRA", "BOREAL_ALPINE", "SNOWY_BOREAL_TAIGA"], "elapsed_ms": 746130}
C:\Users\nicho\AppData\Roaming\Python\Python314\site-packages\rasterio\__init__.py:379: NotGeoreferencedWarning: Dataset has no geotransform, gcps, or rpcs. The identity matrix will be returned.
  dataset = DatasetReader(path, driver=driver, sharing=sharing, thread_safe=thread_safe, **kwargs)
[chunk_writer] All chunks OK for r.37.22.mca
{"type": "tile_start", "tile_x": 37, "tile_y": 22}
{"type": "tile_complete", "tile_x": 37, "tile_y": 22, "biomes": ["BOREAL_TAIGA", "CONTINENTAL_STEPPE", "KARST_BARRENS", "MIXED_FOREST", "SNOWY_BOREAL_TAIGA"], "elapsed_ms": 855547}
[chunk_writer] All chunks OK for r.30.88.mca
{"type": "tile_start", "tile_x": 30, "tile_y": 88}
{"type": "tile_complete", "tile_x": 30, "tile_y": 88, "biomes": ["SAND_DUNE_DESERT", "_OCEAN"], "elapsed_ms": 634790}
[chunk_writer] All chunks OK for r.84.84.mca
{"type": "tile_start", "tile_x": 84, "tile_y": 84}
{"type": "tile_complete", "tile_x": 84, "tile_y": 84, "biomes": ["CONTINENTAL_STEPPE", "MIXED_FOREST", "RAINFOREST_COAST", "SAND_DUNE_DESERT", "SCRUBBY_HEATHLAND", "_OCEAN"], "elapsed_ms": 892224}
[chunk_writer] All chunks OK for r.8.73.mca
{"type": "tile_start", "tile_x": 8, "tile_y": 73}
{"type": "tile_complete", "tile_x": 8, "tile_y": 73, "biomes": ["BOREAL_TAIGA", "FRESHWATER_FEN", "LUSH_RAINFOREST_COAST", "TEMPERATE_RAINFOREST"], "elapsed_ms": 771197}
{"type": "pipeline_complete", "total_tiles": 5, "completed": 5, "errors": 0, "elapsed_s": 2263.1}
[pipeline] Done: 5/5 tiles OK, 0 errors, 2263.1s
