[pipeline] Pipeline start: 4 tiles, 2 workers, dry_run=False
[pipeline]   config:      C:\Users\nicho\minecraft-worldgen\config\thresholds.json
[pipeline]   masks:       C:\Users\nicho\minecraft-worldgen\masks
[pipeline]   schem_index: C:\Users\nicho\minecraft-worldgen\schematic_index.json
[pipeline]   output:      C:\Users\nicho\minecraft-worldgen\output
C:\Users\nicho\AppData\Roaming\Python\Python314\site-packages\rasterio\__init__.py:379: NotGeoreferencedWarning: Dataset has no geotransform, gcps, or rpcs. The identity matrix will be returned.
  dataset = DatasetReader(path, driver=driver, sharing=sharing, thread_safe=thread_safe, **kwargs)
C:\Users\nicho\AppData\Roaming\Python\Python314\site-packages\rasterio\__init__.py:379: NotGeoreferencedWarning: Dataset has no geotransform, gcps, or rpcs. The identity matrix will be returned.
  dataset = DatasetReader(path, driver=driver, sharing=sharing, thread_safe=thread_safe, **kwargs)
[chunk_writer] All chunks OK for r.24.80.mca
{"type": "tile_start", "tile_x": 24, "tile_y": 80}
{"type": "tile_complete", "tile_x": 24, "tile_y": 80, "biomes": ["BOREAL_ALPINE", "SAND_DUNE_DESERT"], "elapsed_ms": 1581576}
[chunk_writer] All chunks OK for r.25.80.mca
{"type": "tile_start", "tile_x": 25, "tile_y": 80}
{"type": "tile_complete", "tile_x": 25, "tile_y": 80, "biomes": ["ARCTIC_TUNDRA", "BOREAL_ALPINE", "SNOWY_BOREAL_TAIGA"], "elapsed_ms": 1923302}
C:\Users\nicho\AppData\Roaming\Python\Python314\site-packages\rasterio\__init__.py:379: NotGeoreferencedWarning: Dataset has no geotransform, gcps, or rpcs. The identity matrix will be returned.
  dataset = DatasetReader(path, driver=driver, sharing=sharing, thread_safe=thread_safe, **kwargs)
[chunk_writer] All chunks OK for r.37.22.mca
{"type": "tile_start", "tile_x": 37, "tile_y": 22}
{"type": "tile_complete", "tile_x": 37, "tile_y": 22, "biomes": ["BOREAL_TAIGA", "CONTINENTAL_STEPPE", "KARST_BARRENS", "MIXED_FOREST", "SNOWY_BOREAL_TAIGA"], "elapsed_ms": 2240525}
